<?xml version="1.0" encoding="UTF-8" ?>
<testsuite tests="5" failures="0" name="com.wipro.bank.assessment.AppTest" time="0" errors="0" skipped="0">
  <properties>
    <property name="java.runtime.name" value="Java(TM) SE Runtime Environment"/>
    <property name="sun.boot.library.path" value="C:\Java\jdk1.8.0_76\jre\bin"/>
    <property name="java.vm.version" value="25.76-b03"/>
    <property name="java.vm.vendor" value="Oracle Corporation"/>
    <property name="maven.multiModuleProjectDirectory" value="C:\Users\c00620843\Desktop\JavaTest\Bank"/>
    <property name="java.vendor.url" value="http://java.oracle.com/"/>
    <property name="path.separator" value=";"/>
    <property name="guice.disable.misplaced.annotation.check" value="true"/>
    <property name="java.vm.name" value="Java HotSpot(TM) Client VM"/>
    <property name="file.encoding.pkg" value="sun.io"/>
    <property name="user.script" value=""/>
    <property name="user.country" value="ZA"/>
    <property name="sun.java.launcher" value="SUN_STANDARD"/>
    <property name="sun.os.patch.level" value="Service Pack 1"/>
    <property name="java.vm.specification.name" value="Java Virtual Machine Specification"/>
    <property name="user.dir" value="C:\Users\c00620843\Desktop\JavaTest\Bank"/>
    <property name="java.runtime.version" value="1.8.0_76-ea-b03"/>
    <property name="java.awt.graphicsenv" value="sun.awt.Win32GraphicsEnvironment"/>
    <property name="java.endorsed.dirs" value="C:\Java\jdk1.8.0_76\jre\lib\endorsed"/>
    <property name="os.arch" value="x86"/>
    <property name="java.io.tmpdir" value="C:\Users\C00620~1\AppData\Local\Temp\"/>
    <property name="line.separator" value="
"/>
    <property name="java.vm.specification.vendor" value="Oracle Corporation"/>
    <property name="user.variant" value=""/>
    <property name="os.name" value="Windows 7"/>
    <property name="classworlds.conf" value="C:\Users\c00620843\Documents\Manoj\Training\apache-maven-3.3.9\bin\m2.conf"/>
    <property name="sun.jnu.encoding" value="Cp1252"/>
    <property name="java.library.path" value="C:\Java\jdk1.8.0_76\bin;C:\WINDOWS\Sun\Java\bin;C:\WINDOWS\system32;C:\WINDOWS;C:\Program Files\Sierra Wireless Inc\Skylight\;C:\Program Files\Sierra Wireless Inc\Common\;C:\Users\c00620843\Documents\Manoj\Training\apache-maven-3.3.9\bin;C:\Java\jdk1.8.0_76\bin;C:\ProgramData\Oracle\Java\javapath;C:\Program Files\Common Files\Microsoft Shared\Microsoft Online Services;C:\oracle\ora92\bin;C:\Program Files\Oracle\jre\1.3.1\bin;C:\Program Files\Oracle\jre\1.1.8\bin;C:\WINDOWS\system32;C:\WINDOWS;C:\WINDOWS\System32\Wbem;C:\WINDOWS\System32\WindowsPowerShell\v1.0\;C:\IMDS\Modules;C:\Program Files\Java\jdk1.8.0_51\bin;C:\Program Files\Skype\Phone\;C:\Program Files\QuickTime\QTSystem\;C:\Program Files\nodejs\;C:\Program Files\HP\Unified Functional Testing\bin;C:\java\jdk1.8.0_76\bin;C:\Program Files\Java\jdk1.8.0_74\bin;C:\Java\bin;C:\Java\jdk1.8.0_76\bin;C:\Users\c00620843\Documents\Manoj\Java Progs;C:\Program Files\Common Files\SOFTPRO\Shared;C:\Program Files\Common Files\SOFTPRO\Shared;%M2%;C:\Program Files\Git\cmd;."/>
    <property name="java.specification.name" value="Java Platform API Specification"/>
    <property name="java.class.version" value="52.0"/>
    <property name="sun.management.compiler" value="HotSpot Client Compiler"/>
    <property name="os.version" value="6.1"/>
    <property name="user.home" value="C:\Users\c00620843"/>
    <property name="user.timezone" value="Africa/Harare"/>
    <property name="java.awt.printerjob" value="sun.awt.windows.WPrinterJob"/>
    <property name="java.specification.version" value="1.8"/>
    <property name="file.encoding" value="Cp1252"/>
    <property name="user.name" value="c00620843"/>
    <property name="java.class.path" value="C:\Users\c00620843\Documents\Manoj\Training\apache-maven-3.3.9\boot\plexus-classworlds-2.5.2.jar"/>
    <property name="java.vm.specification.version" value="1.8"/>
    <property name="sun.arch.data.model" value="32"/>
    <property name="java.home" value="C:\Java\jdk1.8.0_76\jre"/>
    <property name="sun.java.command" value="org.codehaus.plexus.classworlds.launcher.Launcher compile test"/>
    <property name="java.specification.vendor" value="Oracle Corporation"/>
    <property name="user.language" value="en"/>
    <property name="awt.toolkit" value="sun.awt.windows.WToolkit"/>
    <property name="java.vm.info" value="mixed mode"/>
    <property name="java.version" value="1.8.0_76-ea"/>
    <property name="java.ext.dirs" value="C:\Java\jdk1.8.0_76\jre\lib\ext;C:\WINDOWS\Sun\Java\lib\ext"/>
    <property name="sun.boot.class.path" value="C:\Java\jdk1.8.0_76\jre\lib\resources.jar;C:\Java\jdk1.8.0_76\jre\lib\rt.jar;C:\Java\jdk1.8.0_76\jre\lib\sunrsasign.jar;C:\Java\jdk1.8.0_76\jre\lib\jsse.jar;C:\Java\jdk1.8.0_76\jre\lib\jce.jar;C:\Java\jdk1.8.0_76\jre\lib\charsets.jar;C:\Java\jdk1.8.0_76\jre\lib\jfr.jar;C:\Java\jdk1.8.0_76\jre\classes"/>
    <property name="sun.stderr.encoding" value="cp437"/>
    <property name="java.vendor" value="Oracle Corporation"/>
    <property name="maven.home" value="C:\Users\c00620843\Documents\Manoj\Training\apache-maven-3.3.9"/>
    <property name="file.separator" value="\"/>
    <property name="java.vendor.url.bug" value="http://bugreport.sun.com/bugreport/"/>
    <property name="sun.cpu.endian" value="little"/>
    <property name="sun.io.unicode.encoding" value="UnicodeLittle"/>
    <property name="sun.stdout.encoding" value="cp437"/>
    <property name="sun.desktop" value="windows"/>
    <property name="sun.cpu.isalist" value="pentium_pro+mmx pentium_pro pentium+mmx pentium i486 i386 i86"/>
  </properties>
  <testcase classname="com.wipro.bank.assessment.AppTest" name="testGetAccountDetailsByID1" time="0"/>
  <testcase classname="com.wipro.bank.assessment.AppTest" name="testGetAccountDetailsByID2" time="0"/>
  <testcase classname="com.wipro.bank.assessment.AppTest" name="getAccountDetailsByBalance1" time="0"/>
  <testcase classname="com.wipro.bank.assessment.AppTest" name="getAccountDetailsByBalance2" time="0"/>
  <testcase classname="com.wipro.bank.assessment.AppTest" name="getAccountDetailsByBalance3" time="0"/>
</testsuite>